2023-10-14 13:12:00,589 - BotLogger - DEBUG - User 533316709 @heavyhazetag started the bot
2023-10-14 13:12:04,016 - BotLogger - DEBUG - User 533316709 @heavyhazetag requested help
2023-10-14 13:25:39,967 - BotLogger - DEBUG - User 533316709 @heavyhazetag started the bot
2023-10-14 13:26:02,744 - BotLogger - DEBUG - User 533316709 @heavyhazetag in chat 533316709sent an unhandled message with content_type "text"
2023-10-14 13:26:03,544 - BotLogger - DEBUG - User 1952435554 @mrovensky has tested the system
2023-10-14 13:26:09,306 - BotLogger - DEBUG - User 1952435554 @mrovensky in chat 1952435554sent an unhandled message with content_type "text"
2023-10-14 15:09:39,069 - BotLogger - DEBUG - User 533316709 @heavyhazetag started the bot
2023-10-14 15:10:17,672 - BotLogger - DEBUG - User 1952435554 @mrovensky in chat 1952435554sent an unhandled message with content_type "text"
2023-10-14 15:10:25,895 - BotLogger - DEBUG - User 1952435554 @mrovensky in chat 1952435554sent an unhandled message with content_type "text"
2023-10-14 15:10:28,930 - BotLogger - DEBUG - User 1952435554 @mrovensky has tested the system
2023-10-14 15:12:45,693 - BotLogger - DEBUG - User 533316709 @heavyhazetag requested help
2023-10-14 15:25:24,402 - BotLogger - DEBUG - User 1952435554 @mrovensky in chat 1952435554sent an unhandled message with content_type "text"
2023-10-14 15:25:30,766 - BotLogger - DEBUG - User 1952435554 @mrovensky in chat 1952435554sent an unhandled message with content_type "text"
2023-10-14 15:25:37,060 - BotLogger - DEBUG - User 1952435554 @mrovensky in chat 1952435554sent an unhandled message with content_type "text"
2023-10-14 15:25:40,087 - BotLogger - DEBUG - User 1952435554 @mrovensky requested help
2023-10-14 15:25:53,755 - BotLogger - DEBUG - User 1952435554 @mrovensky in chat 1952435554sent an unhandled message with content_type "text"
2023-10-14 15:25:58,361 - BotLogger - DEBUG - User 1952435554 @mrovensky has tried to register
2023-10-14 15:57:48,762 - BotLogger - DEBUG - User 1952435554 @mrovensky in chat 1952435554sent an unhandled message with content_type "text"
2023-10-14 16:04:31,169 - BotLogger - DEBUG - User 533316709 @heavyhazetag started the bot
2023-10-14 16:04:32,466 - BotLogger - DEBUG - User 1952435554 @mrovensky started the bot
2023-10-14 16:04:36,377 - BotLogger - DEBUG - User 533316709 @heavyhazetag requested help
2023-10-14 16:04:37,634 - BotLogger - DEBUG - User 1952435554 @mrovensky requested help
2023-10-14 16:04:46,093 - BotLogger - DEBUG - User 1952435554 @mrovensky in chat 1952435554sent an unhandled message with content_type "text"
2023-10-14 16:04:58,340 - BotLogger - DEBUG - User 1952435554 @mrovensky started the registration
2023-10-14 16:05:05,863 - BotLogger - DEBUG - User 1952435554 @mrovensky entered team name
2023-10-14 16:05:05,863 - BotLogger - DEBUG - User 1952435554 @mrovensky registered as team Noice
2023-10-14 16:05:08,819 - BotLogger - DEBUG - User 1952435554 @mrovensky in chat 1952435554sent an unhandled message with content_type "text"
2023-10-14 16:06:11,949 - BotLogger - DEBUG - User 1952435554 @mrovensky in chat 1952435554sent an unhandled message with content_type "text"
